#
# A fatal error has been detected by the Java Runtime Environment:
#
#  EXCEPTION_ACCESS_VIOLATION (0xc0000005) at pc=0x00000000571612f6, pid=1316, tid=0x000000000000183c
#
# JRE version: Java(TM) SE Runtime Environment (8.0_211-b12) (build 1.8.0_211-b12)
# Java VM: Java HotSpot(TM) 64-Bit Server VM (25.211-b12 mixed mode windows-amd64 compressed oops)
# Problematic frame:
# V  [jvm.dll+0x4a12f6]
#
# Failed to write core dump. Minidumps are not enabled by default on client versions of Windows
#
# If you would like to submit a bug report, please visit:
#   http://bugreport.java.com/bugreport/crash.jsp
#

---------------  T H R E A D  ---------------

Current thread (0x0000000015f3a000):  JavaThread "C2 CompilerThread1" daemon [_thread_in_native, id=6204, stack(0x0000000017690000,0x0000000017790000)]

siginfo: ExceptionCode=0xc0000005, reading address 0xffffffffffffffff

Registers:
RAX=0x0000000018691620, RBX=0x000000000000001f, RCX=0x0000000000000001, RDX=0x0000000000000001
RSP=0x000000001778beb0, RBP=0x00000000000ddbb0, RSI=0x0000000000001fad, RDI=0x0000000022df5c70
R8 =0x0000000080000000, R9 =0x20000000574e6420, R10=0x000000001778c220, R11=0x0000000000000041
R12=0x0000000023394050, R13=0x000000001778c510, R14=0x0000000056cc0000, R15=0x00000000574e6420
RIP=0x00000000571612f6, EFLAGS=0x0000000000010286

Top of Stack: (sp=0x000000001778beb0)
0x000000001778beb0:   000000001778c090 00000000000006f5
0x000000001778bec0:   00000000000ddbb0 0000000000001fad
0x000000001778bed0:   0000144300000000 0000000000000002
0x000000001778bee0:   000000001f13c1e0 0000000000000015
0x000000001778bef0:   000000001f13c5e0 0000000000000036
0x000000001778bf00:   000000001778c090 000000005719d974
0x000000001778bf10:   0000000000000002 0000000018382bc0
0x000000001778bf20:   000000001842f2c0 0000000023394050
0x000000001778bf30:   000000001778c510 00000000571627a8
0x000000001778bf40:   00000000000ddbb0 00000000000db140
0x000000001778bf50:   000000001778c040 00000000233c4c98
0x000000001778bf60:   0000003700000000 0000000000000042
0x000000001778bf70:   0000000018382bc0 00001fad00000000
0x000000001778bf80:   000003bf00000041 0000000000000033
0x000000001778bf90:   0000000005155455 0000000000000000
0x000000001778bfa0:   0000000000000000 0000000000000000 

Instructions: (pc=0x00000000571612f6)
0x00000000571612d6:   16 44 00 00 4c 8b c8 8b d3 83 e3 1f 41 b8 01 00
0x00000000571612e6:   00 00 c1 ea 05 0f b6 cb 83 e2 07 41 d3 e0 8b ca
0x00000000571612f6:   41 8b 14 91 8b c2 41 0b c0 41 89 04 89 41 85 d0
0x0000000057161306:   0f 85 a4 fe ff ff ff 07 e9 9d fe ff ff 48 8b bc 


Register to memory mapping:

RAX=0x0000000018691620 is an unknown value
RBX=0x000000000000001f is an unknown value
RCX=0x0000000000000001 is an unknown value
RDX=0x0000000000000001 is an unknown value
RSP=0x000000001778beb0 is pointing into the stack for thread: 0x0000000015f3a000
RBP=0x00000000000ddbb0 is an unknown value
RSI=0x0000000000001fad is an unknown value
RDI=0x0000000022df5c70 is an unknown value
R8 =0x0000000080000000 is an unknown value
R9 =0x20000000574e6420 is an unknown value
R10=0x000000001778c220 is pointing into the stack for thread: 0x0000000015f3a000
R11=0x0000000000000041 is an unknown value
R12=0x0000000023394050 is an unknown value
R13=0x000000001778c510 is pointing into the stack for thread: 0x0000000015f3a000
R14=0x0000000056cc0000 is an unknown value
R15=0x00000000574e6420 is an unknown value


Stack: [0x0000000017690000,0x0000000017790000],  sp=0x000000001778beb0,  free space=1007k
Native frames: (J=compiled Java code, j=interpreted, Vv=VM code, C=native code)
V  [jvm.dll+0x4a12f6]
V  [jvm.dll+0x4a27a8]
V  [jvm.dll+0x46cac8]
V  [jvm.dll+0x477e3b]
V  [jvm.dll+0x47a747]
V  [jvm.dll+0x45cfa2]
V  [jvm.dll+0xa6b22]
V  [jvm.dll+0xa746f]
V  [jvm.dll+0x2466ff]
V  [jvm.dll+0x29fc6a]
C  [msvcr100.dll+0x21d9f]
C  [msvcr100.dll+0x21e3b]
C  [KERNEL32.DLL+0x17c24]
C  [ntdll.dll+0x6cea1]


Current CompileTask:
C2:   7021 4300   !   4       com.sun.beans.TypeResolver::resolve (274 bytes)


---------------  P R O C E S S  ---------------

Java Threads: ( => current thread )
  0x000000001e9fd800 JavaThread "Cache worker for Build Output Cleanup Cache (C:\Users\pedge\Documents\GERTEC\GBOT _React_Native\gbot\android\.gradle\buildOutputCleanup)" [_thread_blocked, id=8620, stack(0x00000000225b0000,0x00000000226b0000)]
  0x000000001e9f6000 JavaThread "Build operations Thread 12" [_thread_blocked, id=3832, stack(0x0000000021eb0000,0x0000000021fb0000)]
  0x000000001e9fd000 JavaThread "Build operations Thread 11" [_thread_blocked, id=13016, stack(0x0000000021db0000,0x0000000021eb0000)]
  0x000000001e9f7000 JavaThread "Build operations Thread 10" [_thread_blocked, id=3724, stack(0x0000000021cb0000,0x0000000021db0000)]
  0x000000001e9f5800 JavaThread "Build operations Thread 9" [_thread_blocked, id=2708, stack(0x0000000021bb0000,0x0000000021cb0000)]
  0x000000001e9fc000 JavaThread "Build operations Thread 8" [_thread_blocked, id=11060, stack(0x0000000021ab0000,0x0000000021bb0000)]
  0x000000001e9f4800 JavaThread "Build operations Thread 7" [_thread_blocked, id=2876, stack(0x00000000219b0000,0x0000000021ab0000)]
  0x000000001e9fb800 JavaThread "Build operations Thread 6" [_thread_blocked, id=9208, stack(0x00000000218b0000,0x00000000219b0000)]
  0x000000001e9f4000 JavaThread "Build operations Thread 5" [_thread_blocked, id=12308, stack(0x00000000217b0000,0x00000000218b0000)]
  0x000000001e9fa800 JavaThread "Build operations Thread 4" [_thread_blocked, id=1584, stack(0x0000000021420000,0x0000000021520000)]
  0x000000001e9f8800 JavaThread "Build operations Thread 3" [_thread_blocked, id=4792, stack(0x0000000021320000,0x0000000021420000)]
  0x000000001e9f9000 JavaThread "Build operations Thread 2" [_thread_blocked, id=7156, stack(0x0000000021220000,0x0000000021320000)]
  0x000000001e9fa000 JavaThread "Build operations" [_thread_blocked, id=1660, stack(0x000000001fb30000,0x000000001fc30000)]
  0x0000000019ad5800 JavaThread "Cache worker for execution history cache (C:\Users\pedge\.gradle\caches\6.2\executionHistory)" [_thread_blocked, id=5832, stack(0x000000001f3a0000,0x000000001f4a0000)]
  0x0000000019ad8000 JavaThread "Cache worker for cache directory md-rule (C:\Users\pedge\.gradle\caches\6.2\md-rule)" [_thread_blocked, id=12804, stack(0x000000001e070000,0x000000001e170000)]
  0x0000000019ad1800 JavaThread "Cache worker for cache directory md-supplier (C:\Users\pedge\.gradle\caches\6.2\md-supplier)" [_thread_blocked, id=6812, stack(0x000000001dd70000,0x000000001de70000)]
  0x0000000019ad3800 JavaThread "Cache worker for file hash cache (C:\Users\pedge\Documents\GERTEC\GBOT _React_Native\gbot\android\.gradle\6.2\fileHashes)" [_thread_blocked, id=1120, stack(0x000000001f2a0000,0x000000001f3a0000)]
  0x0000000019ad1000 JavaThread "Cache worker for checksums cache (C:\Users\pedge\Documents\GERTEC\GBOT _React_Native\gbot\android\.gradle\checksums)" [_thread_blocked, id=9956, stack(0x000000001e1d0000,0x000000001e2d0000)]
  0x0000000019ad2800 JavaThread "Cache worker for file hash cache (C:\Users\pedge\.gradle\caches\6.2\fileHashes)" [_thread_blocked, id=12424, stack(0x000000001bad0000,0x000000001bbd0000)]
  0x0000000019ad6800 JavaThread "File lock request listener" [_thread_in_native, id=7964, stack(0x000000001b9d0000,0x000000001bad0000)]
  0x0000000019ad4000 JavaThread "Cache worker for journal cache (C:\Users\pedge\.gradle\caches\journal-1)" [_thread_blocked, id=11896, stack(0x000000001b8d0000,0x000000001b9d0000)]
  0x0000000019a4d000 JavaThread "Thread-9" [_thread_blocked, id=12764, stack(0x000000001b5d0000,0x000000001b6d0000)]
  0x0000000019a3c000 JavaThread "Stdin handler" [_thread_blocked, id=6364, stack(0x000000001b4d0000,0x000000001b5d0000)]
  0x0000000019a3a000 JavaThread "Asynchronous log dispatcher for DefaultDaemonConnection: socket connection from /127.0.0.1:61813 to /127.0.0.1:61814" [_thread_blocked, id=6340, stack(0x000000001b3d0000,0x000000001b4d0000)]
  0x0000000019a37000 JavaThread "Daemon worker" [_thread_in_native, id=12884, stack(0x000000001b2d0000,0x000000001b3d0000)]
  0x0000000019a2c000 JavaThread "Cancel handler" [_thread_blocked, id=1232, stack(0x000000001aed0000,0x000000001afd0000)]
  0x0000000019a2b000 JavaThread "Handler for socket connection from /127.0.0.1:61813 to /127.0.0.1:61814" [_thread_in_native, id=4496, stack(0x000000001add0000,0x000000001aed0000)]
  0x00000000199ac800 JavaThread "Daemon" [_thread_blocked, id=7056, stack(0x000000001acd0000,0x000000001add0000)]
  0x00000000199ab000 JavaThread "Daemon periodic checks" [_thread_blocked, id=10960, stack(0x000000001abd0000,0x000000001acd0000)]
  0x0000000019a1f800 JavaThread "Incoming local TCP Connector on port 61813" [_thread_in_native, id=916, stack(0x000000001aad0000,0x000000001abd0000)]
  0x00000000198f1000 JavaThread "Daemon health stats" [_thread_blocked, id=6988, stack(0x000000001a490000,0x000000001a590000)]
  0x0000000015fc4800 JavaThread "Service Thread" daemon [_thread_blocked, id=11080, stack(0x0000000017990000,0x0000000017a90000)]
  0x0000000015f3d800 JavaThread "C1 CompilerThread3" daemon [_thread_blocked, id=12180, stack(0x0000000017890000,0x0000000017990000)]
  0x0000000015f3c800 JavaThread "C2 CompilerThread2" daemon [_thread_in_native, id=7544, stack(0x0000000017790000,0x0000000017890000)]
=>0x0000000015f3a000 JavaThread "C2 CompilerThread1" daemon [_thread_in_native, id=6204, stack(0x0000000017690000,0x0000000017790000)]
  0x0000000015f2d800 JavaThread "C2 CompilerThread0" daemon [_thread_in_native, id=5368, stack(0x0000000017590000,0x0000000017690000)]
  0x0000000015f2b800 JavaThread "Attach Listener" daemon [_thread_blocked, id=9436, stack(0x0000000017490000,0x0000000017590000)]
  0x0000000015f37800 JavaThread "Signal Dispatcher" daemon [_thread_blocked, id=11952, stack(0x0000000017390000,0x0000000017490000)]
  0x0000000002e8a000 JavaThread "Finalizer" daemon [_thread_blocked, id=7164, stack(0x0000000017180000,0x0000000017280000)]
  0x0000000002e89000 JavaThread "Reference Handler" daemon [_thread_blocked, id=4144, stack(0x0000000017080000,0x0000000017180000)]
  0x0000000002d92800 JavaThread "main" [_thread_blocked, id=11920, stack(0x0000000002c90000,0x0000000002d90000)]

Other Threads:
  0x0000000015f02800 VMThread [stack: 0x0000000016f80000,0x0000000017080000] [id=8932]
  0x0000000015ff0000 WatcherThread [stack: 0x0000000017bf0000,0x0000000017cf0000] [id=11408]

VM state:not at safepoint (normal execution)

VM Mutex/Monitor currently owned by a thread: None

heap address: 0x00000000e0000000, size: 512 MB, Compressed Oops mode: 32-bit
Narrow klass base: 0x0000000000000000, Narrow klass shift: 3
Compressed class space size: 1073741824 Address: 0x0000000100000000

Heap:
 PSYoungGen      total 158720K, used 123604K [0x00000000f5580000, 0x00000000ffe80000, 0x0000000100000000)
  eden space 145920K, 77% used [0x00000000f5580000,0x00000000fc349620,0x00000000fe400000)
  from space 12800K, 87% used [0x00000000ff100000,0x00000000ffbebb18,0x00000000ffd80000)
  to   space 13312K, 0% used [0x00000000fe400000,0x00000000fe400000,0x00000000ff100000)
 ParOldGen       total 175104K, used 16847K [0x00000000e0000000, 0x00000000eab00000, 0x00000000f5580000)
  object space 175104K, 9% used [0x00000000e0000000,0x00000000e1073f00,0x00000000eab00000)
 Metaspace       used 48412K, capacity 50532K, committed 50560K, reserved 1093632K
  class space    used 6735K, capacity 7268K, committed 7296K, reserved 1048576K

Card table byte_map: [0x0000000012250000,0x0000000012360000] byte_map_base: 0x0000000011b50000

Marking Bits: (ParMarkBitMap*) 0x00000000574e5ce0
 Begin Bits: [0x0000000012d60000, 0x0000000013560000)
 End Bits:   [0x0000000013560000, 0x0000000013d60000)

Polling page: 0x0000000002b00000

CodeCache: size=245760Kb used=14177Kb max_used=14177Kb free=231582Kb
 bounds [0x0000000002e90000, 0x0000000003c80000, 0x0000000011e90000]
 total_blobs=4790 nmethods=4015 adapters=686
 compilation: enabled

Compilation events (10 events):
Event: 6.982 Thread 0x0000000015f3d800 4469       3       org.apache.commons.io.FilenameUtils::failIfNullBytePresent (37 bytes)
Event: 6.983 Thread 0x0000000015f3d800 nmethod 4469 0x0000000003c72bd0 code [0x0000000003c72d80, 0x0000000003c73378]
Event: 6.983 Thread 0x0000000015f3d800 4470       3       org.gradle.internal.service.DefaultServiceRegistry$OwnServices::getAll (46 bytes)
Event: 6.983 Thread 0x0000000015f3d800 nmethod 4470 0x0000000003c73610 code [0x0000000003c73800, 0x0000000003c74108]
Event: 6.983 Thread 0x0000000015f3d800 4471       3       org.gradle.internal.operations.BuildOperationDescriptor::displayName (10 bytes)
Event: 6.984 Thread 0x0000000015f3d800 nmethod 4471 0x0000000003c6ce90 code [0x0000000003c6d000, 0x0000000003c6d2f0]
Event: 6.984 Thread 0x0000000015f3d800 4472       3       org.gradle.internal.operations.BuildOperationDescriptor$Builder::<init> (6 bytes)
Event: 6.984 Thread 0x0000000015f3d800 nmethod 4472 0x0000000003c71650 code [0x0000000003c717c0, 0x0000000003c71a10]
Event: 6.984 Thread 0x0000000015f3d800 4473       3       org.gradle.internal.operations.DefaultBuildOperationExecutor::maybeStartUnmanagedThreadOperation (54 bytes)
Event: 6.985 Thread 0x0000000015f3d800 nmethod 4473 0x0000000003c74450 code [0x0000000003c746a0, 0x0000000003c75488]

GC Heap History (10 events):
Event: 3.245 GC heap before
{Heap before GC invocations=6 (full 1):
 PSYoungGen      total 76288K, used 65536K [0x00000000f5580000, 0x00000000fea80000, 0x0000000100000000)
  eden space 65536K, 100% used [0x00000000f5580000,0x00000000f9580000,0x00000000f9580000)
  from space 10752K, 0% used [0x00000000fa000000,0x00000000fa000000,0x00000000faa80000)
  to   space 10752K, 0% used [0x00000000f9580000,0x00000000f9580000,0x00000000fa000000)
 ParOldGen       total 175104K, used 7027K [0x00000000e0000000, 0x00000000eab00000, 0x00000000f5580000)
  object space 175104K, 4% used [0x00000000e0000000,0x00000000e06dcee8,0x00000000eab00000)
 Metaspace       used 29179K, capacity 29854K, committed 30080K, reserved 1075200K
  class space    used 4016K, capacity 4201K, committed 4224K, reserved 1048576K
Event: 3.249 GC heap after
Heap after GC invocations=6 (full 1):
 PSYoungGen      total 76288K, used 8510K [0x00000000f5580000, 0x00000000fcf00000, 0x0000000100000000)
  eden space 65536K, 0% used [0x00000000f5580000,0x00000000f5580000,0x00000000f9580000)
  from space 10752K, 79% used [0x00000000f9580000,0x00000000f9dcfb40,0x00000000fa000000)
  to   space 11776K, 0% used [0x00000000fc380000,0x00000000fc380000,0x00000000fcf00000)
 ParOldGen       total 175104K, used 7035K [0x00000000e0000000, 0x00000000eab00000, 0x00000000f5580000)
  object space 175104K, 4% used [0x00000000e0000000,0x00000000e06deee8,0x00000000eab00000)
 Metaspace       used 29179K, capacity 29854K, committed 30080K, reserved 1075200K
  class space    used 4016K, capacity 4201K, committed 4224K, reserved 1048576K
}
Event: 4.933 GC heap before
{Heap before GC invocations=7 (full 1):
 PSYoungGen      total 76288K, used 74046K [0x00000000f5580000, 0x00000000fcf00000, 0x0000000100000000)
  eden space 65536K, 100% used [0x00000000f5580000,0x00000000f9580000,0x00000000f9580000)
  from space 10752K, 79% used [0x00000000f9580000,0x00000000f9dcfb40,0x00000000fa000000)
  to   space 11776K, 0% used [0x00000000fc380000,0x00000000fc380000,0x00000000fcf00000)
 ParOldGen       total 175104K, used 7035K [0x00000000e0000000, 0x00000000eab00000, 0x00000000f5580000)
  object space 175104K, 4% used [0x00000000e0000000,0x00000000e06deee8,0x00000000eab00000)
 Metaspace       used 32011K, capacity 32864K, committed 32896K, reserved 1077248K
  class space    used 4489K, capacity 4723K, committed 4736K, reserved 1048576K
Event: 4.939 GC heap after
Heap after GC invocations=7 (full 1):
 PSYoungGen      total 107520K, used 10147K [0x00000000f5580000, 0x00000000fcd80000, 0x0000000100000000)
  eden space 97280K, 0% used [0x00000000f5580000,0x00000000f5580000,0x00000000fb480000)
  from space 10240K, 99% used [0x00000000fc380000,0x00000000fcd68f50,0x00000000fcd80000)
  to   space 12288K, 0% used [0x00000000fb580000,0x00000000fb580000,0x00000000fc180000)
 ParOldGen       total 175104K, used 7043K [0x00000000e0000000, 0x00000000eab00000, 0x00000000f5580000)
  object space 175104K, 4% used [0x00000000e0000000,0x00000000e06e0ee8,0x00000000eab00000)
 Metaspace       used 32011K, capacity 32864K, committed 32896K, reserved 1077248K
  class space    used 4489K, capacity 4723K, committed 4736K, reserved 1048576K
}
Event: 5.187 GC heap before
{Heap before GC invocations=8 (full 1):
 PSYoungGen      total 107520K, used 54969K [0x00000000f5580000, 0x00000000fcd80000, 0x0000000100000000)
  eden space 97280K, 46% used [0x00000000f5580000,0x00000000f8145660,0x00000000fb480000)
  from space 10240K, 99% used [0x00000000fc380000,0x00000000fcd68f50,0x00000000fcd80000)
  to   space 12288K, 0% used [0x00000000fb580000,0x00000000fb580000,0x00000000fc180000)
 ParOldGen       total 175104K, used 7043K [0x00000000e0000000, 0x00000000eab00000, 0x00000000f5580000)
  object space 175104K, 4% used [0x00000000e0000000,0x00000000e06e0ee8,0x00000000eab00000)
 Metaspace       used 34225K, capacity 35312K, committed 35456K, reserved 1079296K
  class space    used 4833K, capacity 5135K, committed 5248K, reserved 1048576K
Event: 5.192 GC heap after
Heap after GC invocations=8 (full 1):
 PSYoungGen      total 110592K, used 10583K [0x00000000f5580000, 0x00000000ffd80000, 0x0000000100000000)
  eden space 98304K, 0% used [0x00000000f5580000,0x00000000f5580000,0x00000000fb580000)
  from space 12288K, 86% used [0x00000000fb580000,0x00000000fbfd5e38,0x00000000fc180000)
  to   space 12800K, 0% used [0x00000000ff100000,0x00000000ff100000,0x00000000ffd80000)
 ParOldGen       total 175104K, used 7051K [0x00000000e0000000, 0x00000000eab00000, 0x00000000f5580000)
  object space 175104K, 4% used [0x00000000e0000000,0x00000000e06e2ee8,0x00000000eab00000)
 Metaspace       used 34225K, capacity 35312K, committed 35456K, reserved 1079296K
  class space    used 4833K, capacity 5135K, committed 5248K, reserved 1048576K
}
Event: 5.192 GC heap before
{Heap before GC invocations=9 (full 2):
 PSYoungGen      total 110592K, used 10583K [0x00000000f5580000, 0x00000000ffd80000, 0x0000000100000000)
  eden space 98304K, 0% used [0x00000000f5580000,0x00000000f5580000,0x00000000fb580000)
  from space 12288K, 86% used [0x00000000fb580000,0x00000000fbfd5e38,0x00000000fc180000)
  to   space 12800K, 0% used [0x00000000ff100000,0x00000000ff100000,0x00000000ffd80000)
 ParOldGen       total 175104K, used 7051K [0x00000000e0000000, 0x00000000eab00000, 0x00000000f5580000)
  object space 175104K, 4% used [0x00000000e0000000,0x00000000e06e2ee8,0x00000000eab00000)
 Metaspace       used 34225K, capacity 35312K, committed 35456K, reserved 1079296K
  class space    used 4833K, capacity 5135K, committed 5248K, reserved 1048576K
Event: 5.226 GC heap after
Heap after GC invocations=9 (full 2):
 PSYoungGen      total 110592K, used 0K [0x00000000f5580000, 0x00000000ffd80000, 0x0000000100000000)
  eden space 98304K, 0% used [0x00000000f5580000,0x00000000f5580000,0x00000000fb580000)
  from space 12288K, 0% used [0x00000000fb580000,0x00000000fb580000,0x00000000fc180000)
  to   space 12800K, 0% used [0x00000000ff100000,0x00000000ff100000,0x00000000ffd80000)
 ParOldGen       total 175104K, used 16839K [0x00000000e0000000, 0x00000000eab00000, 0x00000000f5580000)
  object space 175104K, 9% used [0x00000000e0000000,0x00000000e1071f00,0x00000000eab00000)
 Metaspace       used 34225K, capacity 35312K, committed 35456K, reserved 1079296K
  class space    used 4833K, capacity 5135K, committed 5248K, reserved 1048576K
}
Event: 6.195 GC heap before
{Heap before GC invocations=10 (full 2):
 PSYoungGen      total 110592K, used 98304K [0x00000000f5580000, 0x00000000ffd80000, 0x0000000100000000)
  eden space 98304K, 100% used [0x00000000f5580000,0x00000000fb580000,0x00000000fb580000)
  from space 12288K, 0% used [0x00000000fb580000,0x00000000fb580000,0x00000000fc180000)
  to   space 12800K, 0% used [0x00000000ff100000,0x00000000ff100000,0x00000000ffd80000)
 ParOldGen       total 175104K, used 16839K [0x00000000e0000000, 0x00000000eab00000, 0x00000000f5580000)
  object space 175104K, 9% used [0x00000000e0000000,0x00000000e1071f00,0x00000000eab00000)
 Metaspace       used 42628K, capacity 44432K, committed 44544K, reserved 1087488K
  class space    used 5940K, capacity 6357K, committed 6400K, reserved 1048576K
Event: 6.202 GC heap after
Heap after GC invocations=10 (full 2):
 PSYoungGen      total 158720K, used 11182K [0x00000000f5580000, 0x00000000ffe80000, 0x0000000100000000)
  eden space 145920K, 0% used [0x00000000f5580000,0x00000000f5580000,0x00000000fe400000)
  from space 12800K, 87% used [0x00000000ff100000,0x00000000ffbebb18,0x00000000ffd80000)
  to   space 13312K, 0% used [0x00000000fe400000,0x00000000fe400000,0x00000000ff100000)
 ParOldGen       total 175104K, used 16847K [0x00000000e0000000, 0x00000000eab00000, 0x00000000f5580000)
  object space 175104K, 9% used [0x00000000e0000000,0x00000000e1073f00,0x00000000eab00000)
 Metaspace       used 42628K, capacity 44432K, committed 44544K, reserved 1087488K
  class space    used 5940K, capacity 6357K, committed 6400K, reserved 1048576K
}

Deoptimization events (10 events):
Event: 6.742 Thread 0x0000000019a37000 Uncommon trap: reason=bimorphic action=maybe_recompile pc=0x000000000397e530 method=java.util.Hashtable.get(Ljava/lang/Object;)Ljava/lang/Object; @ 6
Event: 6.742 Thread 0x0000000019a37000 Uncommon trap: reason=bimorphic action=maybe_recompile pc=0x000000000397e530 method=java.util.Hashtable.get(Ljava/lang/Object;)Ljava/lang/Object; @ 6
Event: 6.757 Thread 0x0000000019a37000 Uncommon trap: reason=unstable_if action=reinterpret pc=0x0000000003059524 method=java.lang.String.replace(CC)Ljava/lang/String; @ 2
Event: 6.760 Thread 0x0000000019a37000 Uncommon trap: reason=unstable_if action=reinterpret pc=0x00000000038e4e3c method=groovy.lang.MetaClassImpl.checkIfStdMethod(Lgroovy/lang/MetaMethod;)V @ 55
Event: 6.760 Thread 0x0000000019a37000 Uncommon trap: reason=unstable_if action=reinterpret pc=0x0000000003ba9ddc method=org.codehaus.groovy.runtime.metaclass.MetaMethodIndex.copyNonPrivateNonNewMetaMethods(Lorg/codehaus/groovy/runtime/metaclass/MetaMethodIndex$Entry;Lorg/codehaus/groovy/runti
Event: 6.761 Thread 0x0000000019a37000 Uncommon trap: reason=unstable_if action=reinterpret pc=0x00000000039d40b4 method=groovy.lang.MetaClassImpl$1MOPIter.methodNameAction(Ljava/lang/Class;Lorg/codehaus/groovy/runtime/metaclass/MetaMethodIndex$Entry;)V @ 182
Event: 6.870 Thread 0x0000000019a37000 Uncommon trap: reason=unstable_if action=reinterpret pc=0x000000000381bed0 method=org.codehaus.groovy.runtime.metaclass.MetaMethodIndex.addMethodToList(Ljava/lang/Object;Lgroovy/lang/MetaMethod;)Ljava/lang/Object; @ 256
Event: 6.900 Thread 0x0000000019a37000 Uncommon trap: reason=unstable_if action=reinterpret pc=0x00000000030e1090 method=java.util.HashMap.getNode(ILjava/lang/Object;)Ljava/util/HashMap$Node; @ 84
Event: 6.900 Thread 0x0000000019a37000 Uncommon trap: reason=unstable_if action=reinterpret pc=0x00000000038b1550 method=java.util.HashMap.putVal(ILjava/lang/Object;Ljava/lang/Object;ZZ)Ljava/lang/Object; @ 109
Event: 6.900 Thread 0x0000000019a37000 Uncommon trap: reason=unstable_if action=reinterpret pc=0x0000000003197d3c method=java.util.HashMap.resize()[Ljava/util/HashMap$Node; @ 206

Classes redefined (0 events):
No events

Internal exceptions (10 events):
Event: 6.964 Thread 0x0000000019a37000 Exception <a 'java/lang/ClassNotFoundException': org/gradle/api/internal/ConventionTaskCustomizer> (0x00000000fbbaffa8) thrown at [C:\re\workspace\8-2-build-windows-amd64-cygwin\jdk8u211\12973\hotspot\src\share\vm\classfile\systemDictionary.cpp, line 210]
Event: 6.965 Thread 0x0000000019a37000 Exception <a 'java/lang/ClassNotFoundException': org/gradle/api/tasks/AbstractCopyTaskCustomizer> (0x00000000fbbf8ad8) thrown at [C:\re\workspace\8-2-build-windows-amd64-cygwin\jdk8u211\12973\hotspot\src\share\vm\classfile\systemDictionary.cpp, line 210]
Event: 6.967 Thread 0x0000000019a37000 Exception <a 'java/lang/ClassNotFoundException': org/gradle/api/tasks/CopyCustomizer> (0x00000000fbcaefd8) thrown at [C:\re\workspace\8-2-build-windows-amd64-cygwin\jdk8u211\12973\hotspot\src\share\vm\classfile\systemDictionary.cpp, line 210]
Event: 6.968 Thread 0x0000000019a37000 Exception <a 'java/lang/ClassNotFoundException': org/gradle/api/tasks/Copy_DecoratedCustomizer> (0x00000000fbcffa50) thrown at [C:\re\workspace\8-2-build-windows-amd64-cygwin\jdk8u211\12973\hotspot\src\share\vm\classfile\systemDictionary.cpp, line 210]
Event: 6.974 Thread 0x0000000019a37000 Exception <a 'java/lang/ClassNotFoundException': org/gradle/api/internal/artifacts/configurations/DefaultConfigurationContainer_DecoratedBeanInfo> (0x00000000fc023b28) thrown at [C:\re\workspace\8-2-build-windows-amd64-cygwin\jdk8u211\12973\hotspot\src\sh
Event: 6.975 Thread 0x0000000019a37000 Exception <a 'java/lang/ClassNotFoundException': org/gradle/api/internal/artifacts/configurations/DefaultConfigurationContainerBeanInfo> (0x00000000fc08d7f8) thrown at [C:\re\workspace\8-2-build-windows-amd64-cygwin\jdk8u211\12973\hotspot\src\share\vm\cla
Event: 6.976 Thread 0x0000000019a37000 Exception <a 'java/lang/ClassNotFoundException': org/gradle/api/internal/AbstractValidatingNamedDomainObjectContainerBeanInfo> (0x00000000fc0d6678) thrown at [C:\re\workspace\8-2-build-windows-amd64-cygwin\jdk8u211\12973\hotspot\src\share\vm\classfile\sys
Event: 6.977 Thread 0x0000000019a37000 Exception <a 'java/lang/ClassNotFoundException': org/gradle/api/internal/AbstractValidatingNamedDomainObjectContainerCustomizer> (0x00000000fc120378) thrown at [C:\re\workspace\8-2-build-windows-amd64-cygwin\jdk8u211\12973\hotspot\src\share\vm\classfile\s
Event: 6.978 Thread 0x0000000019a37000 Exception <a 'java/lang/ClassNotFoundException': org/gradle/api/internal/artifacts/configurations/DefaultConfigurationContainerCustomizer> (0x00000000fc199ff0) thrown at [C:\re\workspace\8-2-build-windows-amd64-cygwin\jdk8u211\12973\hotspot\src\share\vm\c
Event: 6.979 Thread 0x0000000019a37000 Exception <a 'java/lang/ClassNotFoundException': org/gradle/api/internal/artifacts/configurations/DefaultConfigurationContainer_DecoratedCustomizer> (0x00000000fc227068) thrown at [C:\re\workspace\8-2-build-windows-amd64-cygwin\jdk8u211\12973\hotspot\src\

Events (10 events):
Event: 6.979 loading class org/gradle/api/internal/artifacts/configurations/DefaultConfigurationContainer_DecoratedCustomizer
Event: 6.979 loading class org/gradle/api/internal/artifacts/configurations/DefaultConfigurationContainer_DecoratedCustomizer done
Event: 6.980 loading class org/gradle/internal/extensibility/ConventionAwareHelper$MappedPropertyImpl
Event: 6.980 loading class org/gradle/internal/extensibility/ConventionAwareHelper$MappedPropertyImpl done
Event: 6.980 loading class org/gradle/api/internal/ConventionMapping$MappedProperty
Event: 6.980 loading class org/gradle/api/internal/ConventionMapping$MappedProperty done
Event: 6.981 loading class org/gradle/internal/extensibility/ConventionAwareHelper$2
Event: 6.981 loading class org/gradle/internal/extensibility/ConventionAwareHelper$2 done
Event: 6.981 loading class org/gradle/internal/extensibility/ConventionAwareHelper$1
Event: 6.981 loading class org/gradle/internal/extensibility/ConventionAwareHelper$1 done


Dynamic libraries:
0x00007ff7e7480000 - 0x00007ff7e74b7000 	C:\Program Files\Java\jdk1.8.0_211\bin\java.exe
0x00007ff8335a0000 - 0x00007ff833790000 	C:\Windows\SYSTEM32\ntdll.dll
0x00007ff831ef0000 - 0x00007ff831fa2000 	C:\Windows\System32\KERNEL32.DLL
0x00007ff8306d0000 - 0x00007ff830975000 	C:\Windows\System32\KERNELBASE.dll
0x00007ff833260000 - 0x00007ff833303000 	C:\Windows\System32\ADVAPI32.dll
0x00007ff833410000 - 0x00007ff8334ae000 	C:\Windows\System32\msvcrt.dll
0x00007ff833310000 - 0x00007ff8333a7000 	C:\Windows\System32\sechost.dll
0x00007ff831c20000 - 0x00007ff831d40000 	C:\Windows\System32\RPCRT4.dll
0x00007ff8330c0000 - 0x00007ff833254000 	C:\Windows\System32\USER32.dll
0x00007ff830ea0000 - 0x00007ff830ec1000 	C:\Windows\System32\win32u.dll
0x00007ff832ed0000 - 0x00007ff832ef6000 	C:\Windows\System32\GDI32.dll
0x00007ff830c20000 - 0x00007ff830db6000 	C:\Windows\System32\gdi32full.dll
0x00007ff830a80000 - 0x00007ff830b1e000 	C:\Windows\System32\msvcp_win.dll
0x00007ff830b20000 - 0x00007ff830c1a000 	C:\Windows\System32\ucrtbase.dll
0x00007ff82f950000 - 0x00007ff82fbd4000 	C:\Windows\WinSxS\amd64_microsoft.windows.common-controls_6595b64144ccf1df_6.0.18362.1139_none_9e7bf2d3e4605ac6\COMCTL32.dll
0x00007ff832b70000 - 0x00007ff832ea5000 	C:\Windows\System32\combase.dll
0x00007ff830e20000 - 0x00007ff830ea0000 	C:\Windows\System32\bcryptPrimitives.dll
0x00007ff831fc0000 - 0x00007ff831fee000 	C:\Windows\System32\IMM32.DLL
0x0000000057570000 - 0x0000000057642000 	C:\Program Files\Java\jdk1.8.0_211\jre\bin\msvcr100.dll
0x0000000056cc0000 - 0x0000000057565000 	C:\Program Files\Java\jdk1.8.0_211\jre\bin\server\jvm.dll
0x00007ff831da0000 - 0x00007ff831da8000 	C:\Windows\System32\PSAPI.DLL
0x00007ff819830000 - 0x00007ff819839000 	C:\Windows\SYSTEM32\WSOCK32.dll
0x00007ff8322e0000 - 0x00007ff83234f000 	C:\Windows\System32\WS2_32.dll
0x00007ff82d740000 - 0x00007ff82d764000 	C:\Windows\SYSTEM32\WINMM.dll
0x00007ff82e0f0000 - 0x00007ff82e0fa000 	C:\Windows\SYSTEM32\VERSION.dll
0x00007ff82d710000 - 0x00007ff82d73d000 	C:\Windows\SYSTEM32\WINMMBASE.dll
0x00007ff830530000 - 0x00007ff83057a000 	C:\Windows\System32\cfgmgr32.dll
0x00007ff82b4a0000 - 0x00007ff82b4af000 	C:\Program Files\Java\jdk1.8.0_211\jre\bin\verify.dll
0x00007ff82b470000 - 0x00007ff82b499000 	C:\Program Files\Java\jdk1.8.0_211\jre\bin\java.dll
0x00007ff82b450000 - 0x00007ff82b466000 	C:\Program Files\Java\jdk1.8.0_211\jre\bin\zip.dll
0x00007ff832350000 - 0x00007ff832a37000 	C:\Windows\System32\SHELL32.dll
0x00007ff8334b0000 - 0x00007ff833559000 	C:\Windows\System32\shcore.dll
0x00007ff830ed0000 - 0x00007ff831650000 	C:\Windows\System32\windows.storage.dll
0x00007ff830500000 - 0x00007ff830523000 	C:\Windows\System32\profapi.dll
0x00007ff8304b0000 - 0x00007ff8304fa000 	C:\Windows\System32\powrprof.dll
0x00007ff830460000 - 0x00007ff830470000 	C:\Windows\System32\UMPDC.dll
0x00007ff832280000 - 0x00007ff8322d2000 	C:\Windows\System32\shlwapi.dll
0x00007ff830490000 - 0x00007ff8304a1000 	C:\Windows\System32\kernel.appcore.dll
0x00007ff830a60000 - 0x00007ff830a77000 	C:\Windows\System32\cryptsp.dll
0x00007ff809df0000 - 0x00007ff809e0a000 	C:\Program Files\Java\jdk1.8.0_211\jre\bin\net.dll
0x00007ff820870000 - 0x00007ff820a46000 	C:\Windows\SYSTEM32\urlmon.dll
0x00007ff8231c0000 - 0x00007ff823467000 	C:\Windows\SYSTEM32\iertutil.dll
0x00007ff82f850000 - 0x00007ff82f85c000 	C:\Windows\SYSTEM32\CRYPTBASE.DLL
0x00007ff82f790000 - 0x00007ff82f7f7000 	C:\Windows\system32\mswsock.dll
0x00007ffff3890000 - 0x00007ffff38a2000 	C:\Program Files\Java\jdk1.8.0_211\jre\bin\nio.dll
0x00007ffff19a0000 - 0x00007ffff19ca000 	C:\Users\pedge\.gradle\native\36\windows-amd64\native-platform.dll
0x00007ffff7d70000 - 0x00007ffff7d7d000 	C:\Program Files\Java\jdk1.8.0_211\jre\bin\management.dll
0x00007ff82f1a0000 - 0x00007ff82f1d3000 	C:\Windows\system32\rsaenh.dll
0x00007ff830980000 - 0x00007ff8309a6000 	C:\Windows\System32\bcrypt.dll
0x00007ff830380000 - 0x00007ff8303a5000 	C:\Windows\SYSTEM32\USERENV.dll
0x00007ff82f340000 - 0x00007ff82f37a000 	C:\Windows\SYSTEM32\IPHLPAPI.DLL
0x00007ff832f00000 - 0x00007ff832f08000 	C:\Windows\System32\NSI.dll
0x00007ff827260000 - 0x00007ff827276000 	C:\Windows\SYSTEM32\dhcpcsvc6.DLL
0x00007ff8281b0000 - 0x00007ff8281cc000 	C:\Windows\SYSTEM32\dhcpcsvc.DLL
0x00007ff82f380000 - 0x00007ff82f44b000 	C:\Windows\SYSTEM32\DNSAPI.dll
0x00007ff82feb0000 - 0x00007ff8300a4000 	C:\Windows\SYSTEM32\dbghelp.dll

VM Arguments:
jvm_args: -XX:MaxMetaspaceSize=256m -XX:+HeapDumpOnOutOfMemoryError -Xms256m -Xmx512m -Dfile.encoding=windows-1252 -Duser.country=BR -Duser.language=pt -Duser.variant 
java_command: org.gradle.launcher.daemon.bootstrap.GradleDaemon 6.2
java_class_path (initial): C:\Users\pedge\.gradle\wrapper\dists\gradle-6.2-all\dvufqs6kielxeao781pmk5huj\gradle-6.2\lib\gradle-launcher-6.2.jar
Launcher Type: SUN_STANDARD

Environment Variables:
JAVA_HOME=C:\Program Files\Java\jdk1.8.0_211
CLASSPATH=C:\Users\pedge\Documents\GERTEC\GBOT _React_Native\gbot\android\\gradle\wrapper\gradle-wrapper.jar
PATH=C:\Users\pedge\Documents\GERTEC\GBOT _React_Native\gbot\android\node_modules\.bin;C:\Users\pedge\Documents\GERTEC\GBOT _React_Native\gbot\node_modules\.bin;C:\Users\pedge\Documents\GERTEC\GBOT _React_Native\node_modules\.bin;C:\Users\pedge\Documents\GERTEC\node_modules\.bin;C:\Users\pedge\Documents\node_modules\.bin;C:\Users\pedge\node_modules\.bin;C:\Users\node_modules\.bin;C:\node_modules\.bin;C:\Program Files\nodejs;C:\Program Files\Git\cmd;C:\ProgramData\Oracle\Java\javapath;C:\Program Files (x86)\Embarcadero\Studio\20.0\bin;C:\Users\Public\Documents\Embarcadero\Studio\20.0\Bpl;C:\Program Files (x86)\Embarcadero\Studio\20.0\bin64;C:\Users\Public\Documents\Embarcadero\Studio\20.0\Bpl\Win64;C:\Python39\Scripts\;C:\Python39\;C:\Windows\system32;C:\Windows;C:\Windows\System32\Wbem;C:\Windows\System32\WindowsPowerShell\v1.0\;C:\Windows\System32\OpenSSH\;C:\Program Files\NVIDIA Corporation\NVIDIA NGX;C:\Program Files\nodejs\;C:\ProgramData\chocolatey\bin;C:\Program Files\Git\cmd;C:\Program Files (x86)\Yarn\bin\;C:\Program Files\Java\jdk1.8.0_211\bin;C:\Users\pedge\AppData\Local\Microsoft\WindowsApps;C:\Users\pedge\AppData\Roaming\npm;C:\Users\pedge\AppData\Local\Programs\Microsoft VS Code\bin;C:\Users\pedge\AppData\Local\Yarn\bin
USERNAME=pedge
OS=Windows_NT
PROCESSOR_IDENTIFIER=Intel64 Family 6 Model 158 Stepping 10, GenuineIntel



---------------  S Y S T E M  ---------------

OS: Windows 10.0 , 64 bit Build 18362 (10.0.18362.1110)

CPU:total 12 (initial active 12) (6 cores per cpu, 2 threads per core) family 6 model 158 stepping 10, cmov, cx8, fxsr, mmx, sse, sse2, sse3, ssse3, sse4.1, sse4.2, popcnt, avx, avx2, aes, clmul, erms, 3dnowpref, lzcnt, ht, tsc, tscinvbit, bmi1, bmi2, adx

Memory: 4k page, physical 16631200k(7954356k free), swap 19121568k(8206588k free)

vm_info: Java HotSpot(TM) 64-Bit Server VM (25.211-b12) for windows-amd64 JRE (1.8.0_211-b12), built on Apr  1 2019 20:53:26 by "java_re" with MS VC++ 10.0 (VS2010)

time: Wed Nov 11 09:32:30 2020
timezone: Hora Padrão de Caracas
elapsed time: 7 seconds (0d 0h 0m 7s)

